[2025-06-29T00:51:53.476+0000] {manager.py:470} INFO - Processing files using up to 2 processes at a time 
[2025-06-29T00:51:53.485+0000] {manager.py:471} INFO - Process each file at most once every 30 seconds
[2025-06-29T00:51:53.512+0000] {manager.py:472} INFO - Checking for new files in /opt/airflow/dags every 300 seconds
[2025-06-29T00:51:53.527+0000] {manager.py:737} INFO - Searching for files in /opt/airflow/dags
[2025-06-29T00:51:53.552+0000] {manager.py:740} INFO - There are 0 files in /opt/airflow/dags
[2025-06-29T00:56:53.928+0000] {manager.py:737} INFO - Searching for files in /opt/airflow/dags
[2025-06-29T00:56:53.933+0000] {manager.py:740} INFO - There are 0 files in /opt/airflow/dags
[2025-06-29T01:01:54.631+0000] {manager.py:737} INFO - Searching for files in /opt/airflow/dags
[2025-06-29T01:01:54.637+0000] {manager.py:740} INFO - There are 0 files in /opt/airflow/dags
[2025-06-29T01:06:55.186+0000] {manager.py:737} INFO - Searching for files in /opt/airflow/dags
[2025-06-29T01:06:55.191+0000] {manager.py:740} INFO - There are 0 files in /opt/airflow/dags
[2025-06-29T01:11:55.496+0000] {manager.py:737} INFO - Searching for files in /opt/airflow/dags
[2025-06-29T01:11:55.501+0000] {manager.py:740} INFO - There are 0 files in /opt/airflow/dags
[2025-06-29T01:16:55.774+0000] {manager.py:737} INFO - Searching for files in /opt/airflow/dags
[2025-06-29T01:16:55.778+0000] {manager.py:740} INFO - There are 0 files in /opt/airflow/dags
[2025-06-29T01:21:55.901+0000] {manager.py:737} INFO - Searching for files in /opt/airflow/dags
[2025-06-29T01:21:55.906+0000] {manager.py:740} INFO - There are 0 files in /opt/airflow/dags
[2025-06-29T01:26:56.813+0000] {manager.py:737} INFO - Searching for files in /opt/airflow/dags
[2025-06-29T01:26:56.818+0000] {manager.py:740} INFO - There are 0 files in /opt/airflow/dags
[2025-06-29T01:31:57.568+0000] {manager.py:737} INFO - Searching for files in /opt/airflow/dags
[2025-06-29T01:31:57.573+0000] {manager.py:740} INFO - There are 0 files in /opt/airflow/dags
[2025-06-29T01:36:58.229+0000] {manager.py:737} INFO - Searching for files in /opt/airflow/dags
[2025-06-29T01:36:58.234+0000] {manager.py:740} INFO - There are 0 files in /opt/airflow/dags
[2025-06-29T01:41:58.843+0000] {manager.py:737} INFO - Searching for files in /opt/airflow/dags
[2025-06-29T01:41:58.846+0000] {manager.py:740} INFO - There are 0 files in /opt/airflow/dags
[2025-06-29T01:46:59.329+0000] {manager.py:737} INFO - Searching for files in /opt/airflow/dags
[2025-06-29T01:46:59.333+0000] {manager.py:740} INFO - There are 0 files in /opt/airflow/dags
[2025-06-29T01:51:59.737+0000] {manager.py:737} INFO - Searching for files in /opt/airflow/dags
[2025-06-29T01:51:59.743+0000] {manager.py:740} INFO - There are 0 files in /opt/airflow/dags
[2025-06-29T01:57:00.018+0000] {manager.py:737} INFO - Searching for files in /opt/airflow/dags
[2025-06-29T01:57:00.022+0000] {manager.py:740} INFO - There are 0 files in /opt/airflow/dags
[2025-06-29T02:02:00.167+0000] {manager.py:737} INFO - Searching for files in /opt/airflow/dags
[2025-06-29T02:02:00.171+0000] {manager.py:740} INFO - There are 0 files in /opt/airflow/dags
[2025-06-29T02:07:00.231+0000] {manager.py:737} INFO - Searching for files in /opt/airflow/dags
[2025-06-29T02:07:00.235+0000] {manager.py:740} INFO - There are 0 files in /opt/airflow/dags
[2025-06-29T02:12:00.253+0000] {manager.py:737} INFO - Searching for files in /opt/airflow/dags
[2025-06-29T02:12:00.256+0000] {manager.py:740} INFO - There are 0 files in /opt/airflow/dags
[2025-06-29T02:17:01.127+0000] {manager.py:737} INFO - Searching for files in /opt/airflow/dags
[2025-06-29T02:17:01.129+0000] {manager.py:740} INFO - There are 0 files in /opt/airflow/dags
[2025-06-29T02:22:02.097+0000] {manager.py:737} INFO - Searching for files in /opt/airflow/dags
[2025-06-29T02:22:02.103+0000] {manager.py:740} INFO - There are 0 files in /opt/airflow/dags
[2025-06-29T02:27:02.900+0000] {manager.py:737} INFO - Searching for files in /opt/airflow/dags
[2025-06-29T02:27:02.906+0000] {manager.py:740} INFO - There are 0 files in /opt/airflow/dags
[2025-06-29T02:32:03.442+0000] {manager.py:737} INFO - Searching for files in /opt/airflow/dags
[2025-06-29T02:32:03.448+0000] {manager.py:740} INFO - There are 0 files in /opt/airflow/dags
[2025-06-29T02:37:04.102+0000] {manager.py:737} INFO - Searching for files in /opt/airflow/dags
[2025-06-29T02:37:04.107+0000] {manager.py:740} INFO - There are 0 files in /opt/airflow/dags
[2025-06-29T02:42:04.638+0000] {manager.py:737} INFO - Searching for files in /opt/airflow/dags
[2025-06-29T02:42:04.643+0000] {manager.py:740} INFO - There are 0 files in /opt/airflow/dags
